\BOOKMARK [0][-]{chapter.1}{\376\377\000I\000n\000t\000r\000o\000d\000u\000c\000t\000i\000o\000n}{}% 1
\BOOKMARK [1][-]{section.1.1}{\376\377\000O\000u\000t\000l\000i\000n\000e}{chapter.1}% 2
\BOOKMARK [0][-]{chapter.2}{\376\377\000H\000a\000r\000d\000w\000a\000r\000e\000\040\000S\000p\000e\000c\000i\000f\000i\000c\000a\000t\000i\000o\000n}{}% 3
\BOOKMARK [1][-]{section.2.1}{\376\377\000T\000o\000p\000i\000c\000s\000\040\000t\000o\000\040\000c\000o\000v\000e\000r}{chapter.2}% 4
\BOOKMARK [0][-]{chapter.3}{\376\377\000I\000n\000s\000t\000a\000l\000l\000a\000t\000i\000o\000n\000\040\000a\000n\000d\000\040\000C\000o\000n\000f\000i\000g\000u\000r\000a\000t\000i\000o\000n}{}% 5
\BOOKMARK [1][-]{section.3.1}{\376\377\000T\000o\000p\000i\000c\000s\000\040\000t\000o\000\040\000c\000o\000v\000e\000r}{chapter.3}% 6
\BOOKMARK [0][-]{chapter.4}{\376\377\000T\000e\000c\000h\000n\000i\000c\000a\000l\000\040\000R\000e\000f\000e\000r\000e\000n\000c\000e}{}% 7
\BOOKMARK [1][-]{section.4.1}{\376\377\000A\000r\000c\000h\000i\000t\000e\000c\000t\000u\000r\000e}{chapter.4}% 8
\BOOKMARK [2][-]{subsection.4.1.1}{\376\377\000T\000a\000r\000g\000e\000t\000\137\000S\000e\000t\000t\000e\000r\000\040\000a\000p\000p}{section.4.1}% 9
\BOOKMARK [2][-]{subsection.4.1.2}{\376\377\000r\0002\000\137\000s\000r\000c}{section.4.1}% 10
\BOOKMARK [1][-]{section.4.2}{\376\377\000W\000a\000y\000p\000o\000i\000n\000t\000\040\000q\000u\000e\000u\000e\000\040\000a\000n\000d\000\040\000s\000t\000a\000t\000e\000\040\000m\000a\000c\000h\000i\000n\000e}{chapter.4}% 11
\BOOKMARK [2][-]{subsection.4.2.1}{\376\377\000W\000a\000y\000p\000o\000i\000n\000t\000\040\000q\000u\000e\000u\000e}{section.4.2}% 12
\BOOKMARK [1][-]{section.4.3}{\376\377\000S\000t\000a\000t\000e\000\040\000m\000a\000c\000h\000i\000n\000e}{chapter.4}% 13
\BOOKMARK [1][-]{section.4.4}{\376\377\000C\000o\000m\000m\000u\000n\000i\000c\000a\000t\000i\000o\000n\000\040\000p\000r\000o\000t\000o\000c\000o\000l}{chapter.4}% 14
\BOOKMARK [2][-]{subsection.4.4.1}{\376\377\000U\000D\000P\000\040\000p\000a\000c\000k\000e\000t\000\040\000s\000t\000r\000u\000c\000t\000u\000r\000e}{section.4.4}% 15
\BOOKMARK [3][-]{subsubsection*.3}{\376\377\000W\000a\000y\000p\000o\000i\000n\000t\000s\000\040\000p\000a\000c\000k\000e\000t}{subsection.4.4.1}% 16
\BOOKMARK [3][-]{subsubsection*.4}{\376\377\000E\000d\000i\000t\000\040\000w\000a\000y\000p\000o\000i\000n\000t\000\040\000p\000a\000c\000k\000e\000t}{subsection.4.4.1}% 17
\BOOKMARK [3][-]{subsubsection*.5}{\376\377\000R\000e\000t\000u\000r\000n\000\040\000m\000e\000s\000s\000a\000g\000e\000\040\000p\000a\000c\000k\000e\000t}{subsection.4.4.1}% 18
\BOOKMARK [3][-]{subsubsection*.6}{\376\377\000O\000d\000o\000m\000e\000t\000r\000y\000\040\000d\000a\000t\000a\000\040\000r\000e\000c\000e\000p\000t\000i\000o\000n}{subsection.4.4.1}% 19
\BOOKMARK [2][-]{subsection.4.4.2}{\376\377\000U\000D\000P\000\040\000d\000a\000t\000a\000\040\000f\000l\000o\000w}{section.4.4}% 20
\BOOKMARK [3][-]{subsubsection*.7}{\376\377\000S\000e\000n\000d\000i\000n\000g\000\040\000d\000a\000t\000a}{subsection.4.4.2}% 21
\BOOKMARK [3][-]{subsubsection*.8}{\376\377\000R\000e\000c\000e\000i\000v\000i\000n\000g\000\040\000d\000a\000t\000a}{subsection.4.4.2}% 22
\BOOKMARK [3][-]{subsubsection*.9}{\376\377\000P\000r\000o\000c\000e\000s\000s\000i\000n\000g\000\040\000d\000a\000t\000a}{subsection.4.4.2}% 23
\BOOKMARK [1][-]{section.4.5}{\376\377\000C\000o\000o\000r\000d\000i\000n\000a\000t\000e\000\040\000c\000o\000n\000v\000e\000n\000t\000i\000o\000n\000\040\000a\000n\000d\000\040\000c\000o\000n\000t\000r\000o\000l\000\040\000l\000o\000g\000i\000c}{chapter.4}% 24
\BOOKMARK [2][-]{subsection.4.5.1}{\376\377\000C\000o\000o\000r\000d\000i\000n\000a\000t\000e\000\040\000f\000l\000o\000w}{section.4.5}% 25
\BOOKMARK [2][-]{subsection.4.5.2}{\376\377\000F\000r\000a\000m\000e\000\040\000d\000e\000f\000i\000n\000i\000t\000i\000o\000n}{section.4.5}% 26
\BOOKMARK [2][-]{subsection.4.5.3}{\376\377\000T\000o\000u\000c\000h\000\040\000i\000n\000p\000u\000t\000\040\000c\000o\000n\000v\000e\000r\000s\000i\000o\000n}{section.4.5}% 27
\BOOKMARK [1][-]{section.4.6}{\376\377\000C\000o\000n\000t\000r\000o\000l\000\040\000l\000o\000g\000i\000c}{chapter.4}% 28
\BOOKMARK [2][-]{subsection.4.6.1}{\376\377\000P\000D\000\040\000c\000o\000n\000t\000r\000o\000l\000l\000e\000r}{section.4.6}% 29
\BOOKMARK [2][-]{subsection.4.6.2}{\376\377\000D\000e\000a\000d\000\040\000r\000e\000c\000k\000o\000n\000i\000n\000g}{section.4.6}% 30
\BOOKMARK [2][-]{subsection.4.6.3}{\376\377\000S\000p\000e\000e\000d\000\040\000l\000i\000m\000i\000t}{section.4.6}% 31
\BOOKMARK [1][-]{section.4.7}{\376\377\000P\000a\000t\000h\000\040\000p\000l\000a\000n\000n\000i\000n\000g}{chapter.4}% 32
\BOOKMARK [2][-]{subsection.4.7.1}{\376\377\000A\000r\000r\000i\000v\000e\000l\000\040\000d\000e\000t\000e\000c\000t\000i\000o\000n}{section.4.7}% 33
\BOOKMARK [2][-]{subsection.4.7.2}{\376\377\000W\000a\000y\000p\000o\000i\000n\000t\000\040\000c\000a\000l\000l\000b\000a\000c\000k}{section.4.7}% 34
\BOOKMARK [2][-]{subsection.4.7.3}{\376\377\000W\000a\000y\000p\000o\000i\000n\000t\000s\000\040\000e\000x\000e\000c\000u\000t\000i\000o\000n}{section.4.7}% 35
\BOOKMARK [2][-]{subsection.4.7.4}{\376\377\000W\000a\000y\000p\000o\000i\000n\000t\000\040\000u\000p\000d\000a\000t\000e}{section.4.7}% 36
\BOOKMARK [2][-]{subsection.4.7.5}{\376\377\000P\000a\000u\000s\000e}{section.4.7}% 37
\BOOKMARK [2][-]{subsection.4.7.6}{\376\377\000R\000e\000t\000u\000r\000n}{section.4.7}% 38
\BOOKMARK [1][-]{section.4.8}{\376\377\000O\000d\000o\000m\000e\000t\000r\000y\000\040\000h\000a\000n\000d\000l\000i\000n\000g}{chapter.4}% 39
\BOOKMARK [2][-]{subsection.4.8.1}{\376\377\000F\000r\000a\000m\000e\000\040\000c\000o\000n\000v\000e\000r\000s\000i\000o\000n}{section.4.8}% 40
\BOOKMARK [2][-]{subsection.4.8.2}{\376\377\000O\000f\000f\000s\000e\000t}{section.4.8}% 41
\BOOKMARK [2][-]{subsection.4.8.3}{\376\377\000Y\000a\000w}{section.4.8}% 42
\BOOKMARK [1][-]{section.4.9}{\376\377\000I\000n\000v\000e\000r\000s\000e\000\040\000K\000i\000n\000e\000m\000a\000t\000i\000c}{chapter.4}% 43
\BOOKMARK [0][-]{chapter.5}{\376\377\000A\000P\000I\000\040\000R\000e\000f\000e\000r\000e\000n\000c\000e}{}% 44
\BOOKMARK [1][-]{section.5.1}{\376\377\000T\000o\000p\000i\000c\000s\000\040\000t\000o\000\040\000c\000o\000v\000e\000r}{chapter.5}% 45
\BOOKMARK [0][-]{chapter.6}{\376\377\000T\000r\000o\000u\000b\000l\000e\000s\000h\000o\000o\000t\000i\000n\000g\000\040\000G\000u\000i\000d\000e}{}% 46
\BOOKMARK [1][-]{section.6.1}{\376\377\000T\000o\000p\000i\000c\000s\000\040\000t\000o\000\040\000c\000o\000v\000e\000r}{chapter.6}% 47
\BOOKMARK [0][-]{chapter.7}{\376\377\000A\000p\000p\000e\000n\000d\000i\000x\000\040\000A\000:\000\040\000O\000b\000j\000e\000c\000t\000-\000O\000r\000i\000e\000n\000t\000e\000d\000\040\000P\000r\000o\000g\000r\000a\000m\000m\000i\000n\000g}{}% 48
\BOOKMARK [1][-]{section.7.1}{\376\377\000O\000v\000e\000r\000v\000i\000e\000w}{chapter.7}% 49
\BOOKMARK [1][-]{section.7.2}{\376\377\000C\000o\000r\000e\000\040\000c\000o\000n\000c\000e\000p\000t\000s}{chapter.7}% 50
\BOOKMARK [2][-]{subsection.7.2.1}{\376\377\000C\000l\000a\000s\000s\000e\000s\000\040\000a\000n\000d\000\040\000o\000b\000j\000e\000c\000t\000s}{section.7.2}% 51
\BOOKMARK [2][-]{subsection.7.2.2}{\376\377\000E\000n\000c\000a\000p\000s\000u\000l\000a\000t\000i\000o\000n}{section.7.2}% 52
\BOOKMARK [2][-]{subsection.7.2.3}{\376\377\000A\000b\000s\000t\000r\000a\000c\000t\000i\000o\000n}{section.7.2}% 53
\BOOKMARK [2][-]{subsection.7.2.4}{\376\377\000I\000n\000h\000e\000r\000i\000t\000a\000n\000c\000e}{section.7.2}% 54
\BOOKMARK [2][-]{subsection.7.2.5}{\376\377\000P\000o\000l\000y\000m\000o\000r\000p\000h\000i\000s\000m}{section.7.2}% 55
\BOOKMARK [1][-]{section.7.3}{\376\377\000C\000o\000m\000p\000o\000s\000i\000t\000i\000o\000n\000\040\000o\000v\000e\000r\000\040\000i\000n\000h\000e\000r\000i\000t\000a\000n\000c\000e}{chapter.7}% 56
\BOOKMARK [1][-]{section.7.4}{\376\377\000S\000O\000L\000I\000D\000\040\000p\000r\000i\000n\000c\000i\000p\000l\000e\000s}{chapter.7}% 57
\BOOKMARK [1][-]{section.7.5}{\376\377\000D\000e\000s\000i\000g\000n\000\040\000p\000a\000t\000t\000e\000r\000n\000s}{chapter.7}% 58
\BOOKMARK [1][-]{section.7.6}{\376\377\000T\000y\000p\000i\000c\000a\000l\000\040\000p\000i\000t\000f\000a\000l\000l\000s}{chapter.7}% 59
\BOOKMARK [1][-]{section.7.7}{\376\377\000A\000p\000p\000l\000i\000e\000d\000\040\000t\000o\000\040\000r\000o\000b\000o\000t\000i\000c\000s\000\040\000s\000o\000f\000t\000w\000a\000r\000e}{chapter.7}% 60
\BOOKMARK [1][-]{section.7.8}{\376\377\000E\000x\000a\000m\000p\000l\000e\000:\000\040\000i\000n\000t\000e\000r\000f\000a\000c\000e\000-\000d\000r\000i\000v\000e\000n\000\040\000c\000o\000n\000t\000r\000o\000l}{chapter.7}% 61
\BOOKMARK [0][-]{chapter.8}{\376\377\000A\000p\000p\000e\000n\000d\000i\000x\000\040\000B\000:\000\040\000M\000V\000C\000\040\000A\000r\000c\000h\000i\000t\000e\000c\000t\000u\000r\000e}{}% 62
\BOOKMARK [1][-]{section.8.1}{\376\377\000O\000v\000e\000r\000v\000i\000e\000w}{chapter.8}% 63
\BOOKMARK [1][-]{section.8.2}{\376\377\000R\000o\000l\000e\000s}{chapter.8}% 64
\BOOKMARK [2][-]{subsection.8.2.1}{\376\377\000M\000o\000d\000e\000l}{section.8.2}% 65
\BOOKMARK [2][-]{subsection.8.2.2}{\376\377\000V\000i\000e\000w}{section.8.2}% 66
\BOOKMARK [2][-]{subsection.8.2.3}{\376\377\000C\000o\000n\000t\000r\000o\000l\000l\000e\000r}{section.8.2}% 67
\BOOKMARK [1][-]{section.8.3}{\376\377\000T\000y\000p\000i\000c\000a\000l\000\040\000f\000l\000o\000w}{chapter.8}% 68
\BOOKMARK [1][-]{section.8.4}{\376\377\000B\000e\000n\000e\000f\000i\000t\000s}{chapter.8}% 69
\BOOKMARK [1][-]{section.8.5}{\376\377\000T\000r\000a\000d\000e\000o\000f\000f\000s}{chapter.8}% 70
\BOOKMARK [1][-]{section.8.6}{\376\377\000A\000p\000p\000l\000i\000e\000d\000\040\000t\000o\000\040\000a\000\040\000r\000o\000b\000o\000t\000i\000c\000s\000\040\000U\000I}{chapter.8}% 71
\BOOKMARK [1][-]{section.8.7}{\376\377\000I\000m\000p\000l\000e\000m\000e\000n\000t\000a\000t\000i\000o\000n\000\040\000h\000i\000n\000t}{chapter.8}% 72
\BOOKMARK [0][-]{chapter.9}{\376\377\000A\000p\000p\000e\000n\000d\000i\000x\000\040\000C\000:\000\040\000M\000V\000V\000M\000\040\000A\000r\000c\000h\000i\000t\000e\000c\000t\000u\000r\000e}{}% 73
\BOOKMARK [1][-]{section.9.1}{\376\377\000O\000v\000e\000r\000v\000i\000e\000w}{chapter.9}% 74
\BOOKMARK [1][-]{section.9.2}{\376\377\000R\000o\000l\000e\000s}{chapter.9}% 75
\BOOKMARK [2][-]{subsection.9.2.1}{\376\377\000M\000o\000d\000e\000l}{section.9.2}% 76
\BOOKMARK [2][-]{subsection.9.2.2}{\376\377\000V\000i\000e\000w}{section.9.2}% 77
\BOOKMARK [2][-]{subsection.9.2.3}{\376\377\000V\000i\000e\000w\000M\000o\000d\000e\000l}{section.9.2}% 78
\BOOKMARK [1][-]{section.9.3}{\376\377\000D\000a\000t\000a\000\040\000b\000i\000n\000d\000i\000n\000g}{chapter.9}% 79
\BOOKMARK [1][-]{section.9.4}{\376\377\000B\000e\000n\000e\000f\000i\000t\000s}{chapter.9}% 80
\BOOKMARK [1][-]{section.9.5}{\376\377\000T\000r\000a\000d\000e\000o\000f\000f\000s}{chapter.9}% 81
\BOOKMARK [1][-]{section.9.6}{\376\377\000A\000p\000p\000l\000i\000e\000d\000\040\000t\000o\000\040\000t\000a\000r\000g\000e\000t\000\040\000s\000e\000t\000t\000i\000n\000g}{chapter.9}% 82
\BOOKMARK [0][-]{chapter.10}{\376\377\000A\000p\000p\000e\000n\000d\000i\000x\000\040\000D\000:\000\040\000R\000O\000S\0002\000\040\000O\000v\000e\000r\000v\000i\000e\000w}{}% 83
\BOOKMARK [1][-]{section.10.1}{\376\377\000W\000h\000a\000t\000\040\000i\000s\000\040\000R\000O\000S\0002}{chapter.10}% 84
\BOOKMARK [1][-]{section.10.2}{\376\377\000K\000e\000y\000\040\000c\000o\000n\000c\000e\000p\000t\000s}{chapter.10}% 85
\BOOKMARK [2][-]{subsection.10.2.1}{\376\377\000N\000o\000d\000e\000s}{section.10.2}% 86
\BOOKMARK [2][-]{subsection.10.2.2}{\376\377\000T\000o\000p\000i\000c\000s}{section.10.2}% 87
\BOOKMARK [2][-]{subsection.10.2.3}{\376\377\000S\000e\000r\000v\000i\000c\000e\000s}{section.10.2}% 88
\BOOKMARK [2][-]{subsection.10.2.4}{\376\377\000A\000c\000t\000i\000o\000n\000s}{section.10.2}% 89
\BOOKMARK [2][-]{subsection.10.2.5}{\376\377\000P\000a\000r\000a\000m\000e\000t\000e\000r\000s}{section.10.2}% 90
\BOOKMARK [1][-]{section.10.3}{\376\377\000Q\000o\000S\000\040\000\050\000Q\000u\000a\000l\000i\000t\000y\000\040\000o\000f\000\040\000S\000e\000r\000v\000i\000c\000e\000\051}{chapter.10}% 91
\BOOKMARK [1][-]{section.10.4}{\376\377\000P\000a\000c\000k\000a\000g\000e\000s\000\040\000a\000n\000d\000\040\000w\000o\000r\000k\000s\000p\000a\000c\000e\000s}{chapter.10}% 92
\BOOKMARK [1][-]{section.10.5}{\376\377\000L\000i\000f\000e\000c\000y\000c\000l\000e\000\040\000m\000a\000n\000a\000g\000e\000m\000e\000n\000t}{chapter.10}% 93
\BOOKMARK [1][-]{section.10.6}{\376\377\000W\000h\000y\000\040\000R\000O\000S\0002\000\040\000f\000o\000r\000\040\000r\000o\000b\000o\000t\000i\000c\000s}{chapter.10}% 94
\BOOKMARK [0][-]{chapter.11}{\376\377\000A\000p\000p\000e\000n\000d\000i\000x\000\040\000E\000:\000\040\000D\000i\000s\000t\000r\000i\000b\000u\000t\000e\000d\000\040\000S\000y\000s\000t\000e\000m\000s}{}% 95
\BOOKMARK [1][-]{section.11.1}{\376\377\000O\000v\000e\000r\000v\000i\000e\000w}{chapter.11}% 96
\BOOKMARK [1][-]{section.11.2}{\376\377\000K\000e\000y\000\040\000c\000h\000a\000l\000l\000e\000n\000g\000e\000s}{chapter.11}% 97
\BOOKMARK [2][-]{subsection.11.2.1}{\376\377\000L\000a\000t\000e\000n\000c\000y\000\040\000a\000n\000d\000\040\000j\000i\000t\000t\000e\000r}{section.11.2}% 98
\BOOKMARK [2][-]{subsection.11.2.2}{\376\377\000P\000a\000r\000t\000i\000a\000l\000\040\000f\000a\000i\000l\000u\000r\000e\000s}{section.11.2}% 99
\BOOKMARK [2][-]{subsection.11.2.3}{\376\377\000C\000o\000n\000s\000i\000s\000t\000e\000n\000c\000y}{section.11.2}% 100
\BOOKMARK [1][-]{section.11.3}{\376\377\000T\000i\000m\000e\000\040\000a\000n\000d\000\040\000o\000r\000d\000e\000r\000i\000n\000g}{chapter.11}% 101
\BOOKMARK [1][-]{section.11.4}{\376\377\000C\000A\000P\000\040\000t\000r\000a\000d\000e\000o\000f\000f}{chapter.11}% 102
\BOOKMARK [1][-]{section.11.5}{\376\377\000P\000a\000t\000t\000e\000r\000n\000s}{chapter.11}% 103
\BOOKMARK [1][-]{section.11.6}{\376\377\000A\000p\000p\000l\000i\000e\000d\000\040\000t\000o\000\040\000t\000h\000i\000s\000\040\000p\000r\000o\000j\000e\000c\000t}{chapter.11}% 104
\BOOKMARK [0][-]{chapter.12}{\376\377\000A\000p\000p\000e\000n\000d\000i\000x\000\040\000F\000:\000\040\000M\000o\000n\000o\000l\000i\000t\000h\000i\000c\000\040\000A\000r\000c\000h\000i\000t\000e\000c\000t\000u\000r\000e}{}% 105
\BOOKMARK [1][-]{section.12.1}{\376\377\000O\000v\000e\000r\000v\000i\000e\000w}{chapter.12}% 106
\BOOKMARK [1][-]{section.12.2}{\376\377\000B\000e\000n\000e\000f\000i\000t\000s}{chapter.12}% 107
\BOOKMARK [1][-]{section.12.3}{\376\377\000D\000r\000a\000w\000b\000a\000c\000k\000s}{chapter.12}% 108
\BOOKMARK [1][-]{section.12.4}{\376\377\000M\000o\000d\000u\000l\000a\000r\000\040\000m\000o\000n\000o\000l\000i\000t\000h}{chapter.12}% 109
\BOOKMARK [1][-]{section.12.5}{\376\377\000A\000p\000p\000l\000i\000e\000d\000\040\000t\000o\000\040\000r\000o\000b\000o\000t\000i\000c\000s\000\040\000t\000o\000o\000l\000i\000n\000g}{chapter.12}% 110
\BOOKMARK [0][-]{chapter.13}{\376\377\000A\000p\000p\000e\000n\000d\000i\000x\000\040\000G\000:\000\040\000R\000O\000S\0002\000\040\000A\000r\000c\000h\000i\000t\000e\000c\000t\000u\000r\000e}{}% 111
\BOOKMARK [1][-]{section.13.1}{\376\377\000L\000a\000y\000e\000r\000e\000d\000\040\000s\000t\000r\000u\000c\000t\000u\000r\000e}{chapter.13}% 112
\BOOKMARK [1][-]{section.13.2}{\376\377\000E\000x\000e\000c\000u\000t\000o\000r\000s}{chapter.13}% 113
\BOOKMARK [1][-]{section.13.3}{\376\377\000C\000o\000m\000p\000o\000s\000i\000t\000i\000o\000n}{chapter.13}% 114
\BOOKMARK [1][-]{section.13.4}{\376\377\000L\000i\000f\000e\000c\000y\000c\000l\000e\000\040\000n\000o\000d\000e\000s}{chapter.13}% 115
\BOOKMARK [1][-]{section.13.5}{\376\377\000D\000D\000S\000\040\000d\000e\000t\000a\000i\000l\000s}{chapter.13}% 116
\BOOKMARK [1][-]{section.13.6}{\376\377\000B\000e\000s\000t\000\040\000p\000r\000a\000c\000t\000i\000c\000e\000s}{chapter.13}% 117
\BOOKMARK [0][-]{chapter.14}{\376\377\000A\000p\000p\000e\000n\000d\000i\000x\000\040\000H\000:\000\040\000U\000D\000P}{}% 118
\BOOKMARK [1][-]{section.14.1}{\376\377\000O\000v\000e\000r\000v\000i\000e\000w}{chapter.14}% 119
\BOOKMARK [1][-]{section.14.2}{\376\377\000C\000h\000a\000r\000a\000c\000t\000e\000r\000i\000s\000t\000i\000c\000s}{chapter.14}% 120
\BOOKMARK [1][-]{section.14.3}{\376\377\000P\000a\000c\000k\000e\000t\000\040\000s\000i\000z\000e\000\040\000a\000n\000d\000\040\000M\000T\000U}{chapter.14}% 121
\BOOKMARK [1][-]{section.14.4}{\376\377\000C\000h\000e\000c\000k\000s\000u\000m\000s}{chapter.14}% 122
\BOOKMARK [1][-]{section.14.5}{\376\377\000B\000e\000s\000t\000\040\000p\000r\000a\000c\000t\000i\000c\000e\000s\000\040\000f\000o\000r\000\040\000c\000o\000n\000t\000r\000o\000l\000\040\000s\000y\000s\000t\000e\000m\000s}{chapter.14}% 123
\BOOKMARK [1][-]{section.14.6}{\376\377\000A\000p\000p\000l\000i\000e\000d\000\040\000t\000o\000\040\000t\000a\000r\000g\000e\000t\000\040\000s\000e\000t\000t\000i\000n\000g}{chapter.14}% 124
\BOOKMARK [0][-]{chapter.15}{\376\377\000A\000p\000p\000e\000n\000d\000i\000x\000\040\000I\000:\000\040\000Q\000u\000a\000t\000e\000r\000n\000i\000o\000n\000s}{}% 125
\BOOKMARK [1][-]{section.15.1}{\376\377\000O\000v\000e\000r\000v\000i\000e\000w}{chapter.15}% 126
\BOOKMARK [1][-]{section.15.2}{\376\377\000U\000n\000i\000t\000\040\000q\000u\000a\000t\000e\000r\000n\000i\000o\000n\000s}{chapter.15}% 127
\BOOKMARK [1][-]{section.15.3}{\376\377\000Q\000u\000a\000t\000e\000r\000n\000i\000o\000n\000\040\000m\000u\000l\000t\000i\000p\000l\000i\000c\000a\000t\000i\000o\000n}{chapter.15}% 128
\BOOKMARK [1][-]{section.15.4}{\376\377\000A\000x\000i\000s\000-\000a\000n\000g\000l\000e\000\040\000c\000o\000n\000v\000e\000r\000s\000i\000o\000n}{chapter.15}% 129
\BOOKMARK [1][-]{section.15.5}{\376\377\000Y\000a\000w\000\040\000e\000x\000t\000r\000a\000c\000t\000i\000o\000n\000\040\000\050\0002\000D\000\040\000r\000o\000b\000o\000t\000s\000\051}{chapter.15}% 130
\BOOKMARK [1][-]{section.15.6}{\376\377\000N\000u\000m\000e\000r\000i\000c\000a\000l\000\040\000s\000t\000a\000b\000i\000l\000i\000t\000y}{chapter.15}% 131
\BOOKMARK [1][-]{section.15.7}{\376\377\000A\000p\000p\000l\000i\000e\000d\000\040\000t\000o\000\040\000o\000d\000o\000m\000e\000t\000r\000y}{chapter.15}% 132
\BOOKMARK [0][-]{chapter.16}{\376\377\000A\000p\000p\000e\000n\000d\000i\000x\000\040\000J\000:\000\040\000K\000i\000n\000e\000m\000a\000t\000i\000c\000s}{}% 133
\BOOKMARK [1][-]{section.16.1}{\376\377\000O\000v\000e\000r\000v\000i\000e\000w}{chapter.16}% 134
\BOOKMARK [1][-]{section.16.2}{\376\377\000F\000o\000r\000w\000a\000r\000d\000\040\000k\000i\000n\000e\000m\000a\000t\000i\000c\000s}{chapter.16}% 135
\BOOKMARK [1][-]{section.16.3}{\376\377\000I\000n\000v\000e\000r\000s\000e\000\040\000k\000i\000n\000e\000m\000a\000t\000i\000c\000s}{chapter.16}% 136
\BOOKMARK [1][-]{section.16.4}{\376\377\000C\000o\000o\000r\000d\000i\000n\000a\000t\000e\000\040\000f\000r\000a\000m\000e\000s}{chapter.16}% 137
\BOOKMARK [1][-]{section.16.5}{\376\377\000D\000i\000s\000c\000r\000e\000t\000i\000z\000a\000t\000i\000o\000n}{chapter.16}% 138
\BOOKMARK [1][-]{section.16.6}{\376\377\000A\000p\000p\000l\000i\000e\000d\000\040\000t\000o\000\040\000t\000h\000i\000s\000\040\000s\000y\000s\000t\000e\000m}{chapter.16}% 139
\BOOKMARK [0][-]{chapter.17}{\376\377\000A\000p\000p\000e\000n\000d\000i\000x\000\040\000K\000:\000\040\000S\000t\000a\000t\000e\000\040\000M\000a\000c\000h\000i\000n\000e}{}% 140
\BOOKMARK [1][-]{section.17.1}{\376\377\000O\000v\000e\000r\000v\000i\000e\000w}{chapter.17}% 141
\BOOKMARK [1][-]{section.17.2}{\376\377\000K\000e\000y\000\040\000t\000e\000r\000m\000s}{chapter.17}% 142
\BOOKMARK [1][-]{section.17.3}{\376\377\000D\000e\000s\000i\000g\000n\000\040\000g\000u\000i\000d\000e\000l\000i\000n\000e\000s}{chapter.17}% 143
\BOOKMARK [1][-]{section.17.4}{\376\377\000H\000i\000e\000r\000a\000r\000c\000h\000i\000c\000a\000l\000\040\000s\000t\000a\000t\000e\000\040\000m\000a\000c\000h\000i\000n\000e\000s}{chapter.17}% 144
\BOOKMARK [1][-]{section.17.5}{\376\377\000A\000p\000p\000l\000i\000e\000d\000\040\000t\000o\000\040\000n\000a\000v\000i\000g\000a\000t\000i\000o\000n}{chapter.17}% 145
\BOOKMARK [0][-]{chapter.18}{\376\377\000A\000p\000p\000e\000n\000d\000i\000x\000\040\000L\000:\000\040\000P\000I\000D\000\040\000C\000o\000n\000t\000r\000o\000l}{}% 146
\BOOKMARK [1][-]{section.18.1}{\376\377\000O\000v\000e\000r\000v\000i\000e\000w}{chapter.18}% 147
\BOOKMARK [1][-]{section.18.2}{\376\377\000P\000I\000D\000\040\000e\000q\000u\000a\000t\000i\000o\000n}{chapter.18}% 148
\BOOKMARK [1][-]{section.18.3}{\376\377\000D\000i\000s\000c\000r\000e\000t\000e\000\040\000f\000o\000r\000m}{chapter.18}% 149
\BOOKMARK [1][-]{section.18.4}{\376\377\000T\000u\000n\000i\000n\000g}{chapter.18}% 150
\BOOKMARK [1][-]{section.18.5}{\376\377\000A\000n\000t\000i\000-\000w\000i\000n\000d\000u\000p}{chapter.18}% 151
\BOOKMARK [1][-]{section.18.6}{\376\377\000F\000i\000l\000t\000e\000r\000i\000n\000g}{chapter.18}% 152
\BOOKMARK [1][-]{section.18.7}{\376\377\000A\000p\000p\000l\000i\000e\000d\000\040\000t\000o\000\040\000r\000o\000b\000o\000t\000\040\000m\000o\000t\000i\000o\000n}{chapter.18}% 153
\BOOKMARK [0][-]{chapter.19}{\376\377\000A\000p\000p\000e\000n\000d\000i\000x\000\040\000M\000:\000\040\000L\000o\000c\000a\000l\000i\000z\000a\000t\000i\000o\000n}{}% 154
\BOOKMARK [1][-]{section.19.1}{\376\377\000O\000v\000e\000r\000v\000i\000e\000w}{chapter.19}% 155
\BOOKMARK [1][-]{section.19.2}{\376\377\000S\000o\000u\000r\000c\000e\000s\000\040\000o\000f\000\040\000l\000o\000c\000a\000l\000i\000z\000a\000t\000i\000o\000n}{chapter.19}% 156
\BOOKMARK [1][-]{section.19.3}{\376\377\000P\000r\000o\000b\000a\000b\000i\000l\000i\000s\000t\000i\000c\000\040\000v\000i\000e\000w}{chapter.19}% 157
\BOOKMARK [1][-]{section.19.4}{\376\377\000F\000i\000l\000t\000e\000r\000s}{chapter.19}% 158
\BOOKMARK [1][-]{section.19.5}{\376\377\000F\000r\000a\000m\000e\000s}{chapter.19}% 159
\BOOKMARK [1][-]{section.19.6}{\376\377\000A\000p\000p\000l\000i\000e\000d\000\040\000t\000o\000\040\000t\000h\000i\000s\000\040\000s\000y\000s\000t\000e\000m}{chapter.19}% 160
\BOOKMARK [0][-]{chapter.20}{\376\377\000A\000p\000p\000e\000n\000d\000i\000x\000\040\000N\000:\000\040\000O\000d\000o\000m\000e\000t\000r\000y}{}% 161
\BOOKMARK [1][-]{section.20.1}{\376\377\000O\000v\000e\000r\000v\000i\000e\000w}{chapter.20}% 162
\BOOKMARK [1][-]{section.20.2}{\376\377\000K\000i\000n\000e\000m\000a\000t\000i\000c\000\040\000i\000n\000t\000e\000g\000r\000a\000t\000i\000o\000n}{chapter.20}% 163
\BOOKMARK [1][-]{section.20.3}{\376\377\000E\000r\000r\000o\000r\000\040\000s\000o\000u\000r\000c\000e\000s}{chapter.20}% 164
\BOOKMARK [1][-]{section.20.4}{\376\377\000M\000i\000t\000i\000g\000a\000t\000i\000o\000n}{chapter.20}% 165
\BOOKMARK [1][-]{section.20.5}{\376\377\000A\000p\000p\000l\000i\000e\000d\000\040\000t\000o\000\040\000t\000h\000i\000s\000\040\000p\000r\000o\000j\000e\000c\000t}{chapter.20}% 166
\BOOKMARK [0][-]{chapter.21}{\376\377\000A\000p\000p\000e\000n\000d\000i\000x\000\040\000O\000:\000\040\000W\000a\000y\000p\000o\000i\000n\000t\000\040\000N\000a\000v\000i\000g\000a\000t\000i\000o\000n}{}% 167
\BOOKMARK [1][-]{section.21.1}{\376\377\000O\000v\000e\000r\000v\000i\000e\000w}{chapter.21}% 168
\BOOKMARK [1][-]{section.21.2}{\376\377\000P\000a\000t\000h\000\040\000p\000l\000a\000n\000n\000i\000n\000g}{chapter.21}% 169
\BOOKMARK [1][-]{section.21.3}{\376\377\000A\000r\000r\000i\000v\000a\000l\000\040\000d\000e\000t\000e\000c\000t\000i\000o\000n}{chapter.21}% 170
\BOOKMARK [1][-]{section.21.4}{\376\377\000H\000a\000n\000d\000l\000i\000n\000g\000\040\000e\000d\000i\000t\000s}{chapter.21}% 171
\BOOKMARK [1][-]{section.21.5}{\376\377\000R\000e\000t\000u\000r\000n\000\040\000b\000e\000h\000a\000v\000i\000o\000r}{chapter.21}% 172
\BOOKMARK [1][-]{section.21.6}{\376\377\000A\000p\000p\000l\000i\000e\000d\000\040\000t\000o\000\040\000t\000h\000i\000s\000\040\000s\000y\000s\000t\000e\000m}{chapter.21}% 173
\BOOKMARK [0][-]{chapter.22}{\376\377\000A\000p\000p\000e\000n\000d\000i\000x\000\040\000P\000:\000\040\000C\000o\000m\000p\000l\000e\000m\000e\000n\000t\000a\000r\000y\000\040\000F\000i\000l\000t\000e\000r\000i\000n\000g}{}% 174
\BOOKMARK [1][-]{section.22.1}{\376\377\000O\000v\000e\000r\000v\000i\000e\000w}{chapter.22}% 175
\BOOKMARK [1][-]{section.22.2}{\376\377\000B\000a\000s\000i\000c\000\040\000e\000q\000u\000a\000t\000i\000o\000n}{chapter.22}% 176
\BOOKMARK [1][-]{section.22.3}{\376\377\000W\000h\000y\000\040\000i\000t\000\040\000w\000o\000r\000k\000s}{chapter.22}% 177
\BOOKMARK [1][-]{section.22.4}{\376\377\000D\000i\000s\000c\000r\000e\000t\000e\000\040\000i\000m\000p\000l\000e\000m\000e\000n\000t\000a\000t\000i\000o\000n}{chapter.22}% 178
\BOOKMARK [1][-]{section.22.5}{\376\377\000A\000p\000p\000l\000i\000e\000d\000\040\000t\000o\000\040\000d\000e\000r\000i\000v\000a\000t\000i\000v\000e\000\040\000t\000e\000r\000m\000s}{chapter.22}% 179
\BOOKMARK [1][-]{section.22.6}{\376\377\000A\000p\000p\000l\000i\000e\000d\000\040\000t\000o\000\040\000w\000a\000y\000p\000o\000i\000n\000t\000\040\000u\000p\000d\000a\000t\000e\000s}{chapter.22}% 180
\BOOKMARK [0][-]{chapter.23}{\376\377\000A\000p\000p\000e\000n\000d\000i\000x\000\040\000Q\000:\000\040\000C\000A\000N\000\040\000B\000u\000s}{}% 181
\BOOKMARK [1][-]{section.23.1}{\376\377\000O\000v\000e\000r\000v\000i\000e\000w}{chapter.23}% 182
\BOOKMARK [1][-]{section.23.2}{\376\377\000F\000r\000a\000m\000e\000\040\000s\000t\000r\000u\000c\000t\000u\000r\000e}{chapter.23}% 183
\BOOKMARK [1][-]{section.23.3}{\376\377\000A\000r\000b\000i\000t\000r\000a\000t\000i\000o\000n}{chapter.23}% 184
\BOOKMARK [1][-]{section.23.4}{\376\377\000B\000i\000t\000r\000a\000t\000e\000\040\000a\000n\000d\000\040\000t\000i\000m\000i\000n\000g}{chapter.23}% 185
\BOOKMARK [1][-]{section.23.5}{\376\377\000E\000r\000r\000o\000r\000\040\000h\000a\000n\000d\000l\000i\000n\000g}{chapter.23}% 186
\BOOKMARK [1][-]{section.23.6}{\376\377\000C\000l\000a\000s\000s\000i\000c\000\040\000C\000A\000N\000\040\000v\000s\000\040\000C\000A\000N\000\040\000F\000D}{chapter.23}% 187
\BOOKMARK [1][-]{section.23.7}{\376\377\000A\000p\000p\000l\000i\000e\000d\000\040\000t\000o\000\040\000r\000o\000b\000o\000t\000i\000c\000s}{chapter.23}% 188
\BOOKMARK [0][-]{chapter.24}{\376\377\000I\000n\000d\000i\000c\000e\000s\000\040\000a\000n\000d\000\040\000t\000a\000b\000l\000e\000s}{}% 189
