[0.113s] DEBUG:colcon:Command line arguments: ['/usr/bin/colcon', 'list', '-p', '--base-paths', '/media/lydia-chheng/0EF23A80F23A6BD9/r2_src', '--log-base', '/dev/null']
[0.113s] DEBUG:colcon:Parsed command line arguments: Namespace(log_base=None, log_level=None, verb_name='list', build_base='build', ignore_user_meta=False, metas=['./colcon.meta'], base_paths=['/media/lydia-chheng/0EF23A80F23A6BD9/r2_src', '--log-base', '/dev/null'], packages_ignore=None, packages_ignore_regex=None, paths=None, packages_up_to=None, packages_up_to_regex=None, packages_above=None, packages_above_and_dependencies=None, packages_above_depth=None, packages_select_by_dep=None, packages_skip_by_dep=None, packages_skip_up_to=None, packages_select_build_failed=False, packages_skip_build_finished=False, packages_select_test_failures=False, packages_skip_test_passed=False, packages_select=None, packages_skip=None, packages_select_regex=None, packages_skip_regex=None, packages_start=None, packages_end=None, allow_overriding=[], topological_order=False, names_only=False, paths_only=True, topological_graph=False, topological_graph_dot=False, topological_graph_density=False, topological_graph_legend=False, topological_graph_dot_cluster=False, topological_graph_dot_include_skipped=False, verb_parser=<colcon_defaults.argument_parser.defaults.DefaultArgumentsDecorator object at 0x7c36e8b72c20>, verb_extension=<colcon_package_information.verb.list.ListVerb object at 0x7c36e8b717e0>, main=<bound method ListVerb.main of <colcon_package_information.verb.list.ListVerb object at 0x7c36e8b717e0>>)
[0.324s] Level 1:colcon.colcon_core.package_discovery:discover_packages(colcon_meta) check parameters
[0.324s] Level 1:colcon.colcon_core.package_discovery:discover_packages(recursive) check parameters
[0.324s] Level 1:colcon.colcon_core.package_discovery:discover_packages(ignore) check parameters
[0.324s] Level 1:colcon.colcon_core.package_discovery:discover_packages(path) check parameters
[0.324s] Level 1:colcon.colcon_core.package_discovery:discover_packages(recursive) discover
[0.324s] INFO:colcon.colcon_core.package_discovery:Crawling recursively for packages in '/media/lydia-chheng/0EF23A80F23A6BD9/r2_src', '/media/lydia-chheng/0EF23A80F23A6BD9/r2_src/--log-base', '/dev/null'
[0.325s] Level 1:colcon.colcon_core.package_identification:_identify(/media/lydia-chheng/0EF23A80F23A6BD9/r2_src) by extensions ['ignore', 'ignore_ament_install']
[0.325s] Level 1:colcon.colcon_core.package_identification:_identify(/media/lydia-chheng/0EF23A80F23A6BD9/r2_src) by extension 'ignore'
[0.325s] Level 1:colcon.colcon_core.package_identification:_identify(/media/lydia-chheng/0EF23A80F23A6BD9/r2_src) by extension 'ignore_ament_install'
[0.325s] Level 1:colcon.colcon_core.package_identification:_identify(/media/lydia-chheng/0EF23A80F23A6BD9/r2_src) by extensions ['colcon_pkg']
[0.325s] Level 1:colcon.colcon_core.package_identification:_identify(/media/lydia-chheng/0EF23A80F23A6BD9/r2_src) by extension 'colcon_pkg'
[0.325s] Level 1:colcon.colcon_core.package_identification:_identify(/media/lydia-chheng/0EF23A80F23A6BD9/r2_src) by extensions ['colcon_meta']
[0.325s] Level 1:colcon.colcon_core.package_identification:_identify(/media/lydia-chheng/0EF23A80F23A6BD9/r2_src) by extension 'colcon_meta'
[0.326s] Level 1:colcon.colcon_core.package_identification:_identify(/media/lydia-chheng/0EF23A80F23A6BD9/r2_src) by extensions ['ros']
[0.326s] Level 1:colcon.colcon_core.package_identification:_identify(/media/lydia-chheng/0EF23A80F23A6BD9/r2_src) by extension 'ros'
[0.343s] Level 1:colcon.colcon_core.package_identification:_identify(/media/lydia-chheng/0EF23A80F23A6BD9/r2_src) by extensions ['cmake', 'python']
[0.343s] Level 1:colcon.colcon_core.package_identification:_identify(/media/lydia-chheng/0EF23A80F23A6BD9/r2_src) by extension 'cmake'
[0.343s] Level 1:colcon.colcon_core.package_identification:_identify(/media/lydia-chheng/0EF23A80F23A6BD9/r2_src) by extension 'python'
[0.343s] Level 1:colcon.colcon_core.package_identification:_identify(/media/lydia-chheng/0EF23A80F23A6BD9/r2_src) by extensions ['python_setup_py']
[0.343s] Level 1:colcon.colcon_core.package_identification:_identify(/media/lydia-chheng/0EF23A80F23A6BD9/r2_src) by extension 'python_setup_py'
[0.344s] Level 1:colcon.colcon_core.package_identification:_identify(/media/lydia-chheng/0EF23A80F23A6BD9/r2_src/can_driver) by extensions ['ignore', 'ignore_ament_install']
[0.344s] Level 1:colcon.colcon_core.package_identification:_identify(/media/lydia-chheng/0EF23A80F23A6BD9/r2_src/can_driver) by extension 'ignore'
[0.344s] Level 1:colcon.colcon_core.package_identification:_identify(/media/lydia-chheng/0EF23A80F23A6BD9/r2_src/can_driver) by extension 'ignore_ament_install'
[0.345s] Level 1:colcon.colcon_core.package_identification:_identify(/media/lydia-chheng/0EF23A80F23A6BD9/r2_src/can_driver) by extensions ['colcon_pkg']
[0.345s] Level 1:colcon.colcon_core.package_identification:_identify(/media/lydia-chheng/0EF23A80F23A6BD9/r2_src/can_driver) by extension 'colcon_pkg'
[0.345s] Level 1:colcon.colcon_core.package_identification:_identify(/media/lydia-chheng/0EF23A80F23A6BD9/r2_src/can_driver) by extensions ['colcon_meta']
[0.345s] Level 1:colcon.colcon_core.package_identification:_identify(/media/lydia-chheng/0EF23A80F23A6BD9/r2_src/can_driver) by extension 'colcon_meta'
[0.345s] Level 1:colcon.colcon_core.package_identification:_identify(/media/lydia-chheng/0EF23A80F23A6BD9/r2_src/can_driver) by extensions ['ros']
[0.345s] Level 1:colcon.colcon_core.package_identification:_identify(/media/lydia-chheng/0EF23A80F23A6BD9/r2_src/can_driver) by extension 'ros'
[0.349s] DEBUG:colcon.colcon_core.package_identification:Package '/media/lydia-chheng/0EF23A80F23A6BD9/r2_src/can_driver' with type 'ros.ament_python' and name 'can_driver'
[0.350s] Level 1:colcon.colcon_core.package_identification:_identify(/media/lydia-chheng/0EF23A80F23A6BD9/r2_src/current_odometry) by extensions ['ignore', 'ignore_ament_install']
[0.350s] Level 1:colcon.colcon_core.package_identification:_identify(/media/lydia-chheng/0EF23A80F23A6BD9/r2_src/current_odometry) by extension 'ignore'
[0.350s] Level 1:colcon.colcon_core.package_identification:_identify(/media/lydia-chheng/0EF23A80F23A6BD9/r2_src/current_odometry) by extension 'ignore_ament_install'
[0.351s] Level 1:colcon.colcon_core.package_identification:_identify(/media/lydia-chheng/0EF23A80F23A6BD9/r2_src/current_odometry) by extensions ['colcon_pkg']
[0.351s] Level 1:colcon.colcon_core.package_identification:_identify(/media/lydia-chheng/0EF23A80F23A6BD9/r2_src/current_odometry) by extension 'colcon_pkg'
[0.351s] Level 1:colcon.colcon_core.package_identification:_identify(/media/lydia-chheng/0EF23A80F23A6BD9/r2_src/current_odometry) by extensions ['colcon_meta']
[0.351s] Level 1:colcon.colcon_core.package_identification:_identify(/media/lydia-chheng/0EF23A80F23A6BD9/r2_src/current_odometry) by extension 'colcon_meta'
[0.351s] Level 1:colcon.colcon_core.package_identification:_identify(/media/lydia-chheng/0EF23A80F23A6BD9/r2_src/current_odometry) by extensions ['ros']
[0.351s] Level 1:colcon.colcon_core.package_identification:_identify(/media/lydia-chheng/0EF23A80F23A6BD9/r2_src/current_odometry) by extension 'ros'
[0.353s] DEBUG:colcon.colcon_core.package_identification:Package '/media/lydia-chheng/0EF23A80F23A6BD9/r2_src/current_odometry' with type 'ros.ament_python' and name 'current_odometry'
[0.354s] Level 1:colcon.colcon_core.package_identification:_identify(/media/lydia-chheng/0EF23A80F23A6BD9/r2_src/custom_messages) by extensions ['ignore', 'ignore_ament_install']
[0.354s] Level 1:colcon.colcon_core.package_identification:_identify(/media/lydia-chheng/0EF23A80F23A6BD9/r2_src/custom_messages) by extension 'ignore'
[0.355s] Level 1:colcon.colcon_core.package_identification:_identify(/media/lydia-chheng/0EF23A80F23A6BD9/r2_src/custom_messages) by extension 'ignore_ament_install'
[0.355s] Level 1:colcon.colcon_core.package_identification:_identify(/media/lydia-chheng/0EF23A80F23A6BD9/r2_src/custom_messages) by extensions ['colcon_pkg']
[0.355s] Level 1:colcon.colcon_core.package_identification:_identify(/media/lydia-chheng/0EF23A80F23A6BD9/r2_src/custom_messages) by extension 'colcon_pkg'
[0.355s] Level 1:colcon.colcon_core.package_identification:_identify(/media/lydia-chheng/0EF23A80F23A6BD9/r2_src/custom_messages) by extensions ['colcon_meta']
[0.355s] Level 1:colcon.colcon_core.package_identification:_identify(/media/lydia-chheng/0EF23A80F23A6BD9/r2_src/custom_messages) by extension 'colcon_meta'
[0.356s] Level 1:colcon.colcon_core.package_identification:_identify(/media/lydia-chheng/0EF23A80F23A6BD9/r2_src/custom_messages) by extensions ['ros']
[0.356s] Level 1:colcon.colcon_core.package_identification:_identify(/media/lydia-chheng/0EF23A80F23A6BD9/r2_src/custom_messages) by extension 'ros'
[0.358s] DEBUG:colcon.colcon_core.package_identification:Package '/media/lydia-chheng/0EF23A80F23A6BD9/r2_src/custom_messages' with type 'ros.ament_cmake' and name 'custom_messages'
[0.358s] Level 1:colcon.colcon_core.package_identification:_identify(/media/lydia-chheng/0EF23A80F23A6BD9/r2_src/hfi_a9) by extensions ['ignore', 'ignore_ament_install']
[0.358s] Level 1:colcon.colcon_core.package_identification:_identify(/media/lydia-chheng/0EF23A80F23A6BD9/r2_src/hfi_a9) by extension 'ignore'
[0.358s] Level 1:colcon.colcon_core.package_identification:_identify(/media/lydia-chheng/0EF23A80F23A6BD9/r2_src/hfi_a9) by extension 'ignore_ament_install'
[0.359s] Level 1:colcon.colcon_core.package_identification:_identify(/media/lydia-chheng/0EF23A80F23A6BD9/r2_src/hfi_a9) by extensions ['colcon_pkg']
[0.359s] Level 1:colcon.colcon_core.package_identification:_identify(/media/lydia-chheng/0EF23A80F23A6BD9/r2_src/hfi_a9) by extension 'colcon_pkg'
[0.359s] Level 1:colcon.colcon_core.package_identification:_identify(/media/lydia-chheng/0EF23A80F23A6BD9/r2_src/hfi_a9) by extensions ['colcon_meta']
[0.359s] Level 1:colcon.colcon_core.package_identification:_identify(/media/lydia-chheng/0EF23A80F23A6BD9/r2_src/hfi_a9) by extension 'colcon_meta'
[0.359s] Level 1:colcon.colcon_core.package_identification:_identify(/media/lydia-chheng/0EF23A80F23A6BD9/r2_src/hfi_a9) by extensions ['ros']
[0.359s] Level 1:colcon.colcon_core.package_identification:_identify(/media/lydia-chheng/0EF23A80F23A6BD9/r2_src/hfi_a9) by extension 'ros'
[0.362s] DEBUG:colcon.colcon_core.package_identification:Package '/media/lydia-chheng/0EF23A80F23A6BD9/r2_src/hfi_a9' with type 'ros.ament_python' and name 'hfi_a9'
[0.363s] Level 1:colcon.colcon_core.package_identification:_identify(/media/lydia-chheng/0EF23A80F23A6BD9/r2_src/inverse_kinematic) by extensions ['ignore', 'ignore_ament_install']
[0.363s] Level 1:colcon.colcon_core.package_identification:_identify(/media/lydia-chheng/0EF23A80F23A6BD9/r2_src/inverse_kinematic) by extension 'ignore'
[0.364s] Level 1:colcon.colcon_core.package_identification:_identify(/media/lydia-chheng/0EF23A80F23A6BD9/r2_src/inverse_kinematic) by extension 'ignore_ament_install'
[0.364s] Level 1:colcon.colcon_core.package_identification:_identify(/media/lydia-chheng/0EF23A80F23A6BD9/r2_src/inverse_kinematic) by extensions ['colcon_pkg']
[0.364s] Level 1:colcon.colcon_core.package_identification:_identify(/media/lydia-chheng/0EF23A80F23A6BD9/r2_src/inverse_kinematic) by extension 'colcon_pkg'
[0.364s] Level 1:colcon.colcon_core.package_identification:_identify(/media/lydia-chheng/0EF23A80F23A6BD9/r2_src/inverse_kinematic) by extensions ['colcon_meta']
[0.364s] Level 1:colcon.colcon_core.package_identification:_identify(/media/lydia-chheng/0EF23A80F23A6BD9/r2_src/inverse_kinematic) by extension 'colcon_meta'
[0.365s] Level 1:colcon.colcon_core.package_identification:_identify(/media/lydia-chheng/0EF23A80F23A6BD9/r2_src/inverse_kinematic) by extensions ['ros']
[0.365s] Level 1:colcon.colcon_core.package_identification:_identify(/media/lydia-chheng/0EF23A80F23A6BD9/r2_src/inverse_kinematic) by extension 'ros'
[0.367s] DEBUG:colcon.colcon_core.package_identification:Package '/media/lydia-chheng/0EF23A80F23A6BD9/r2_src/inverse_kinematic' with type 'ros.ament_python' and name 'inverse_kinematic'
[0.368s] Level 1:colcon.colcon_core.package_identification:_identify(/media/lydia-chheng/0EF23A80F23A6BD9/r2_src/log) by extensions ['ignore', 'ignore_ament_install']
[0.369s] Level 1:colcon.colcon_core.package_identification:_identify(/media/lydia-chheng/0EF23A80F23A6BD9/r2_src/log) by extension 'ignore'
[0.369s] Level 1:colcon.colcon_core.package_identification:_identify(/media/lydia-chheng/0EF23A80F23A6BD9/r2_src/log) ignored
[0.369s] Level 1:colcon.colcon_core.package_identification:_identify(/media/lydia-chheng/0EF23A80F23A6BD9/r2_src/robot_control) by extensions ['ignore', 'ignore_ament_install']
[0.370s] Level 1:colcon.colcon_core.package_identification:_identify(/media/lydia-chheng/0EF23A80F23A6BD9/r2_src/robot_control) by extension 'ignore'
[0.370s] Level 1:colcon.colcon_core.package_identification:_identify(/media/lydia-chheng/0EF23A80F23A6BD9/r2_src/robot_control) by extension 'ignore_ament_install'
[0.370s] Level 1:colcon.colcon_core.package_identification:_identify(/media/lydia-chheng/0EF23A80F23A6BD9/r2_src/robot_control) by extensions ['colcon_pkg']
[0.370s] Level 1:colcon.colcon_core.package_identification:_identify(/media/lydia-chheng/0EF23A80F23A6BD9/r2_src/robot_control) by extension 'colcon_pkg'
[0.370s] Level 1:colcon.colcon_core.package_identification:_identify(/media/lydia-chheng/0EF23A80F23A6BD9/r2_src/robot_control) by extensions ['colcon_meta']
[0.370s] Level 1:colcon.colcon_core.package_identification:_identify(/media/lydia-chheng/0EF23A80F23A6BD9/r2_src/robot_control) by extension 'colcon_meta'
[0.370s] Level 1:colcon.colcon_core.package_identification:_identify(/media/lydia-chheng/0EF23A80F23A6BD9/r2_src/robot_control) by extensions ['ros']
[0.370s] Level 1:colcon.colcon_core.package_identification:_identify(/media/lydia-chheng/0EF23A80F23A6BD9/r2_src/robot_control) by extension 'ros'
[0.373s] DEBUG:colcon.colcon_core.package_identification:Package '/media/lydia-chheng/0EF23A80F23A6BD9/r2_src/robot_control' with type 'ros.ament_python' and name 'robot_control'
[0.373s] Level 1:colcon.colcon_core.package_identification:_identify(/media/lydia-chheng/0EF23A80F23A6BD9/r2_src/target_odometry) by extensions ['ignore', 'ignore_ament_install']
[0.374s] Level 1:colcon.colcon_core.package_identification:_identify(/media/lydia-chheng/0EF23A80F23A6BD9/r2_src/target_odometry) by extension 'ignore'
[0.374s] Level 1:colcon.colcon_core.package_identification:_identify(/media/lydia-chheng/0EF23A80F23A6BD9/r2_src/target_odometry) by extension 'ignore_ament_install'
[0.374s] Level 1:colcon.colcon_core.package_identification:_identify(/media/lydia-chheng/0EF23A80F23A6BD9/r2_src/target_odometry) by extensions ['colcon_pkg']
[0.375s] Level 1:colcon.colcon_core.package_identification:_identify(/media/lydia-chheng/0EF23A80F23A6BD9/r2_src/target_odometry) by extension 'colcon_pkg'
[0.375s] Level 1:colcon.colcon_core.package_identification:_identify(/media/lydia-chheng/0EF23A80F23A6BD9/r2_src/target_odometry) by extensions ['colcon_meta']
[0.375s] Level 1:colcon.colcon_core.package_identification:_identify(/media/lydia-chheng/0EF23A80F23A6BD9/r2_src/target_odometry) by extension 'colcon_meta'
[0.375s] Level 1:colcon.colcon_core.package_identification:_identify(/media/lydia-chheng/0EF23A80F23A6BD9/r2_src/target_odometry) by extensions ['ros']
[0.375s] Level 1:colcon.colcon_core.package_identification:_identify(/media/lydia-chheng/0EF23A80F23A6BD9/r2_src/target_odometry) by extension 'ros'
[0.377s] DEBUG:colcon.colcon_core.package_identification:Package '/media/lydia-chheng/0EF23A80F23A6BD9/r2_src/target_odometry' with type 'ros.ament_python' and name 'target_odometry'
[0.378s] Level 1:colcon.colcon_core.package_identification:_identify(/media/lydia-chheng/0EF23A80F23A6BD9/r2_src/udp_listener) by extensions ['ignore', 'ignore_ament_install']
[0.378s] Level 1:colcon.colcon_core.package_identification:_identify(/media/lydia-chheng/0EF23A80F23A6BD9/r2_src/udp_listener) by extension 'ignore'
[0.379s] Level 1:colcon.colcon_core.package_identification:_identify(/media/lydia-chheng/0EF23A80F23A6BD9/r2_src/udp_listener) by extension 'ignore_ament_install'
[0.379s] Level 1:colcon.colcon_core.package_identification:_identify(/media/lydia-chheng/0EF23A80F23A6BD9/r2_src/udp_listener) by extensions ['colcon_pkg']
[0.379s] Level 1:colcon.colcon_core.package_identification:_identify(/media/lydia-chheng/0EF23A80F23A6BD9/r2_src/udp_listener) by extension 'colcon_pkg'
[0.380s] Level 1:colcon.colcon_core.package_identification:_identify(/media/lydia-chheng/0EF23A80F23A6BD9/r2_src/udp_listener) by extensions ['colcon_meta']
[0.380s] Level 1:colcon.colcon_core.package_identification:_identify(/media/lydia-chheng/0EF23A80F23A6BD9/r2_src/udp_listener) by extension 'colcon_meta'
[0.380s] Level 1:colcon.colcon_core.package_identification:_identify(/media/lydia-chheng/0EF23A80F23A6BD9/r2_src/udp_listener) by extensions ['ros']
[0.380s] Level 1:colcon.colcon_core.package_identification:_identify(/media/lydia-chheng/0EF23A80F23A6BD9/r2_src/udp_listener) by extension 'ros'
[0.383s] DEBUG:colcon.colcon_core.package_identification:Package '/media/lydia-chheng/0EF23A80F23A6BD9/r2_src/udp_listener' with type 'ros.ament_python' and name 'udp_listener'
[0.384s] Level 1:colcon.colcon_core.package_identification:_identify(/media/lydia-chheng/0EF23A80F23A6BD9/r2_src/udp_sender) by extensions ['ignore', 'ignore_ament_install']
[0.384s] Level 1:colcon.colcon_core.package_identification:_identify(/media/lydia-chheng/0EF23A80F23A6BD9/r2_src/udp_sender) by extension 'ignore'
[0.384s] Level 1:colcon.colcon_core.package_identification:_identify(/media/lydia-chheng/0EF23A80F23A6BD9/r2_src/udp_sender) by extension 'ignore_ament_install'
[0.385s] Level 1:colcon.colcon_core.package_identification:_identify(/media/lydia-chheng/0EF23A80F23A6BD9/r2_src/udp_sender) by extensions ['colcon_pkg']
[0.385s] Level 1:colcon.colcon_core.package_identification:_identify(/media/lydia-chheng/0EF23A80F23A6BD9/r2_src/udp_sender) by extension 'colcon_pkg'
[0.385s] Level 1:colcon.colcon_core.package_identification:_identify(/media/lydia-chheng/0EF23A80F23A6BD9/r2_src/udp_sender) by extensions ['colcon_meta']
[0.385s] Level 1:colcon.colcon_core.package_identification:_identify(/media/lydia-chheng/0EF23A80F23A6BD9/r2_src/udp_sender) by extension 'colcon_meta'
[0.385s] Level 1:colcon.colcon_core.package_identification:_identify(/media/lydia-chheng/0EF23A80F23A6BD9/r2_src/udp_sender) by extensions ['ros']
[0.385s] Level 1:colcon.colcon_core.package_identification:_identify(/media/lydia-chheng/0EF23A80F23A6BD9/r2_src/udp_sender) by extension 'ros'
[0.388s] DEBUG:colcon.colcon_core.package_identification:Package '/media/lydia-chheng/0EF23A80F23A6BD9/r2_src/udp_sender' with type 'ros.ament_python' and name 'udp_sender'
[0.388s] Level 1:colcon.colcon_core.package_discovery:discover_packages(recursive) using defaults
